app/build/intermediates/manifest_merge_blame_file/debug/manifest-merger-blame-debug-report.txt
1<?xml version="1.0" encoding="utf-8"?>
2<manifest xmlns:android="http://schemas.android.com/apk/res/android"
3    package="com.mcsimb.vinotchet"
4    android:versionCode="1"
5    android:versionName="1.0" >
6
7    <uses-sdk
8        android:minSdkVersion="16"
8-->src\main\AndroidManifest.xml
9        android:targetSdkVersion="29" />
9-->src\main\AndroidManifest.xml
10
11    <uses-permission android:name="android.permission.WRITE_EXTERNAL_STORAGE" />
11-->src\main\AndroidManifest.xml:5:5-81
11-->src\main\AndroidManifest.xml:5:22-78
12
13    <application
13-->src\main\AndroidManifest.xml:7:5-45:19
14        android:allowBackup="true"
14-->src\main\AndroidManifest.xml:8:9-35
15        android:debuggable="true"
16        android:icon="@drawable/ic_launcher"
16-->src\main\AndroidManifest.xml:9:9-45
17        android:label="@string/app_name"
17-->src\main\AndroidManifest.xml:10:9-41
18        android:testOnly="true"
19        android:theme="@android:style/Theme.DeviceDefault.Light" >
19-->src\main\AndroidManifest.xml:11:9-65
20        <activity
20-->src\main\AndroidManifest.xml:13:9-21:20
21            android:name="com.mcsimb.vinotchet.MainActivity"
21-->src\main\AndroidManifest.xml:14:13-41
22            android:label="@string/app_name"
22-->src\main\AndroidManifest.xml:15:13-45
23            android:screenOrientation="portrait" >
23-->src\main\AndroidManifest.xml:16:13-49
24            <intent-filter>
24-->src\main\AndroidManifest.xml:17:13-20:29
25                <action android:name="android.intent.action.MAIN" />
25-->src\main\AndroidManifest.xml:18:17-69
25-->src\main\AndroidManifest.xml:18:25-66
26
27                <category android:name="android.intent.category.LAUNCHER" />
27-->src\main\AndroidManifest.xml:19:17-77
27-->src\main\AndroidManifest.xml:19:27-74
28            </intent-filter>
29        </activity>
30        <activity
30-->src\main\AndroidManifest.xml:23:9-27:71
31            android:name="com.mcsimb.vinotchet.AddActivity"
31-->src\main\AndroidManifest.xml:24:13-40
32            android:label="@string/add_title"
32-->src\main\AndroidManifest.xml:25:13-46
33            android:screenOrientation="portrait"
33-->src\main\AndroidManifest.xml:26:13-49
34            android:windowSoftInputMode="stateVisible|adjustResize" />
34-->src\main\AndroidManifest.xml:27:13-68
35        <activity
35-->src\main\AndroidManifest.xml:29:9-32:52
36            android:name="com.mcsimb.vinotchet.LogActivity"
36-->src\main\AndroidManifest.xml:30:13-40
37            android:label=""
37-->src\main\AndroidManifest.xml:31:13-29
38            android:screenOrientation="portrait" />
38-->src\main\AndroidManifest.xml:32:13-49
39        <activity
39-->src\main\AndroidManifest.xml:35:9-38:52
40            android:name="com.mcsimb.vinotchet.MaterialActivity"
40-->src\main\AndroidManifest.xml:36:13-45
41            android:label="@string/mat_consumption"
41-->src\main\AndroidManifest.xml:37:13-52
42            android:screenOrientation="portrait" />
42-->src\main\AndroidManifest.xml:38:13-49
43        <activity
43-->src\main\AndroidManifest.xml:40:9-43:52
44            android:name="com.mcsimb.vinotchet.StampsActivity"
44-->src\main\AndroidManifest.xml:41:13-43
45            android:label="@string/doc_stamps"
45-->src\main\AndroidManifest.xml:42:13-47
46            android:screenOrientation="portrait" />
46-->src\main\AndroidManifest.xml:43:13-49
47    </application>
48
49</manifest>